<?xml version="1.0" encoding="UTF-8"?>
<!-- Generated by org.testng.reporters.JUnitXMLReporter -->
<testsuite hostname="Admins-Mac-mini-8.local" name="Test" tests="1" failures="0" timestamp="18 Mar 2019 13:23:15 GMT" time="0.046" errors="0">
  <testcase name="@BeforeClass beforeTest" time="0.0" classname="automationFramework.MultiBrowser">
    <failure type="org.testng.TestNGException" message="
Parameter &amp;apos;browser&amp;apos; is required by @Configuration on method beforeTest but has not been marked @Optional or defined
in /Users/mookappa/Documents/workspace/mkp/testng.xml">
      <![CDATA[org.testng.TestNGException: 
Parameter 'browser' is required by @Configuration on method beforeTest but has not been marked @Optional or defined
in /Users/mookappa/Documents/workspace/mkp/testng.xml
... Removed 22 stack frames]]>
    </failure>
  </testcase> <!-- @BeforeClass beforeTest -->
  <testcase name="@AfterClass afterTest" time="0.0" classname="automationFramework.MultiBrowser">
    <skipped/>
  </testcase> <!-- @AfterClass afterTest -->
  <testcase name="login" time="0.006" classname="automationFramework.MultiBrowser">
    <skipped/>
  </testcase> <!-- login -->
</testsuite> <!-- Test -->
